STARTING APP - 
Elector Page - Open
Elector Page - Click invio login
DB Operations - Credenziali valide
DB Operations - Sessioni lette
Elector Page - Vota CategoricalVote
DB Operations - Candidati letti
DB Operations - Partiti letti
Categorical vote Page - Open
DB Operations - Sessioni lette
Elector Page - Vota CategoricalVote
DB Operations - Candidati letti
DB Operations - Partiti letti
Categorical vote Page - Open
DB Operations - Candidati per partito letti
DB Operations - Inserito voto
Categorical vote Page - Click aggiungi voto
DB Operations - Sessioni lette
DB Operations - Candidati letti
DB Operations - Partiti letti
Admin Page - Click lista Candidati
Admin Page - Click lista Candidati
Admin Page - Click lista Partiti
DB Operations - Candidati per partito letti
Admin Page - Click lista Partiti
DB Operations - Candidati per partito letti
Admin Page - Logout
Elector Page - Open
Elector Page - Click invio login
DB Operations - Credenziali valide
DB Operations - Sessioni lette
DB Operations - Candidati letti
DB Operations - Partiti letti
Admin Page - View sessions
DB Operations - Sessioni lette
DB Operations - Candidati letti
DB Operations - Partiti letti
Admin Page - Click lista Partiti
DB Operations - Candidati per partito letti
Admin Page - Click lista Partiti
DB Operations - Candidati per partito letti
Admin Page - Click aggiungi sessione di voto
DB Operations - Inserita sessione
DB Operations - Sessioni lette
Elector Page - Vota ReferendumVote
Referendum vote Page - Open
DB Operations - Inserito voto
Referendum vote Page - Inserimento voto
DB Operations - Sessioni lette
STARTING APP - 
Elector Page - Open
Elector Page - Click invio login
DB Operations - Credenziali valide
DB Operations - Sessioni lette
